<?xml version="1.0" encoding="UTF-8"?>
<!-- Generated by org.testng.reporters.JUnitReportReporter -->
<testsuite hostname="AVRO-NIL" failures="0" tests="2" name="testCase.TC003" time="19.367" errors="0" timestamp="2022-08-03T18:06:51 BDT" skipped="0">
  <testcase classname="testCase.TC003" name="verifyPageTitle_ShoudBePass" time="19.349"/>
  <system-out/>
  <testcase classname="testCase.TC003" name="WebsiteSecurityStatus" time="0.018"/>
  <system-out/>
</testsuite> <!-- testCase.TC003 -->
