<?xml version="1.0" encoding="UTF-8"?>
<!-- Generated by org.testng.reporters.JUnitReportReporter -->
<testsuite hostname="AVRO-NIL" failures="0" tests="1" name="testCase.TC001_LocatorLearing" time="24.973" errors="0" timestamp="2022-07-28T16:42:50 BDT" skipped="0">
  <testcase classname="testCase.TC001_LocatorLearing" name="locatorLearning" time="24.973"/>
  <system-out/>
</testsuite> <!-- testCase.TC001_LocatorLearing -->
