<?xml version="1.0" encoding="UTF-8"?>
<!-- Generated by org.testng.reporters.JUnitReportReporter -->
<testsuite hostname="AVRO-NIL" failures="0" tests="1" name="testCase.TC001" time="23.264" errors="0" timestamp="2022-08-04T17:48:57 BDT" skipped="0">
  <testcase classname="testCase.TC001" name="locatorLearning" time="23.264"/>
  <system-out/>
</testsuite> <!-- testCase.TC001 -->
