<?xml version="1.0" encoding="UTF-8"?>
<!-- Generated by org.testng.reporters.JUnitReportReporter -->
<testsuite hostname="AVRO-NIL" failures="0" tests="1" name="testCase.TC002" time="23.203" errors="0" timestamp="2022-08-03T15:41:58 BDT" skipped="0">
  <testcase classname="testCase.TC002" name="locatorLearning" time="23.203"/>
  <system-out/>
</testsuite> <!-- testCase.TC002 -->
