<?xml version="1.0" encoding="UTF-8"?>
<!-- Generated by org.testng.reporters.JUnitReportReporter -->
<testsuite hostname="AVRO-NIL" failures="0" tests="1" name="testCase.TC004" time="16.044" errors="0" timestamp="2022-08-04T17:39:49 BDT" skipped="0">
  <testcase classname="testCase.TC004" name="CheckBoxRadioButtonWidgets" time="16.044"/>
  <system-out/>
</testsuite> <!-- testCase.TC004 -->
